12:15:01.743 [Daemon worker Thread 2] INFO  o.a.AndroidAnnotationProcessor:83 - Initialize AndroidAnnotations 3.3.2 with options {androidManifestFile=W:\zajaczkowska\new\AndroidApp400-11174f63b52423a970c8eb3f95e0066b4b2c4393\app\build\intermediates\manifests\full\debug\AndroidManifest.xml}
12:15:01.816 [Daemon worker Thread 2] INFO  o.a.AndroidAnnotationProcessor:107 - Start processing for 12 annotations on 8 elements
12:15:01.864 [Daemon worker Thread 2] DEBUG o.a.h.AndroidManifestFinder:98 - AndroidManifest.xml file found with specified path: W:\zajaczkowska\new\AndroidApp400-11174f63b52423a970c8eb3f95e0066b4b2c4393\app\build\intermediates\manifests\full\debug\AndroidManifest.xml
12:15:01.887 [Daemon worker Thread 2] INFO  o.a.AndroidAnnotationProcessor:170 - AndroidManifest.xml found: AndroidManifest [applicationPackage=pl.edu.ug.aib.firstApp, componentQualifiedNames=[pl.edu.ug.aib.firstApp.FirstActivity_, pl.edu.ug.aib.firstApp.SecondActivity_], permissionQualifiedNames=[], applicationClassName=null, libraryProject=false, debugabble=false, minSdkVersion=10, maxSdkVersion=-1, targetSdkVersion=23]
12:15:01.889 [Daemon worker Thread 2] INFO  o.a.r.ProjectRClassFinder:50 - Found project R class: pl.edu.ug.aib.firstApp.R
12:15:01.894 [Daemon worker Thread 2] INFO  o.a.r.AndroidRClassFinder:44 - Found Android class: android.R
12:15:01.920 [Daemon worker Thread 2] INFO  o.a.p.ModelValidator:42 - Validating elements
12:15:01.989 [Daemon worker Thread 2] DEBUG o.a.p.ModelValidator:62 - Validating with EActivityHandler: [pl.edu.ug.aib.firstApp.FirstActivity, pl.edu.ug.aib.firstApp.SecondActivity]
12:15:01.992 [Daemon worker Thread 2] DEBUG o.a.p.ModelValidator:62 - Validating with EBeanHandler: [pl.edu.ug.aib.firstApp.adapter.PersonListAdapter]
12:15:01.993 [Daemon worker Thread 2] DEBUG o.a.p.ModelValidator:62 - Validating with EViewGroupHandler: [pl.edu.ug.aib.firstApp.itemView.PersonItemView]
12:15:02.24 [Daemon worker Thread 2] DEBUG o.a.p.ModelValidator:62 - Validating with ViewByIdHandler: [username, password, list, welcomeText, phoneNumber, acronym, name, company]
12:15:02.28 [Daemon worker Thread 2] DEBUG o.a.p.ModelValidator:62 - Validating with ClickHandler: [loginClicked(), dialClicked()]
12:15:02.31 [Daemon worker Thread 2] DEBUG o.a.p.ModelValidator:62 - Validating with ItemClickHandler: [listItemClicked(java.lang.String)]
12:15:02.33 [Daemon worker Thread 2] DEBUG o.a.p.ModelValidator:62 - Validating with BeanHandler: [adapter]
12:15:02.35 [Daemon worker Thread 2] DEBUG o.a.p.ModelValidator:62 - Validating with OptionsMenuHandler: [pl.edu.ug.aib.firstApp.FirstActivity]
12:15:02.39 [Daemon worker Thread 2] DEBUG o.a.p.ModelValidator:62 - Validating with OptionsItemHandler: [settingsSelected()]
12:15:02.42 [Daemon worker Thread 2] DEBUG o.a.p.ModelValidator:62 - Validating with RootContextHandler: [context]
12:15:02.44 [Daemon worker Thread 2] DEBUG o.a.p.ModelValidator:62 - Validating with ExtraHandler: [username]
12:15:02.49 [Daemon worker Thread 2] DEBUG o.a.p.ModelValidator:62 - Validating with AfterViewsHandler: [init(), init()]
12:15:02.56 [Daemon worker Thread 2] INFO  o.a.p.ModelProcessor:74 - Processing root elements
12:15:02.58 [Daemon worker Thread 2] DEBUG o.a.p.ModelProcessor:176 - Processing root elements EActivityHandler: [pl.edu.ug.aib.firstApp.SecondActivity, pl.edu.ug.aib.firstApp.FirstActivity]
12:15:02.537 [Daemon worker Thread 2] DEBUG o.a.p.ModelProcessor:176 - Processing root elements EBeanHandler: [pl.edu.ug.aib.firstApp.adapter.PersonListAdapter]
12:15:02.539 [Daemon worker Thread 2] DEBUG o.a.p.ModelProcessor:176 - Processing root elements EViewGroupHandler: [pl.edu.ug.aib.firstApp.itemView.PersonItemView]
12:15:02.549 [Daemon worker Thread 2] INFO  o.a.p.ModelProcessor:86 - Processing enclosed elements
12:15:02.564 [Daemon worker Thread 2] INFO  o.a.AndroidAnnotationProcessor:249 - Number of files generated by AndroidAnnotations: 4
12:15:02.566 [Daemon worker Thread 2] INFO  o.a.g.ApiCodeGenerator:52 - Writting following API classes in project: []
12:15:02.569 [Daemon worker Thread 2] DEBUG o.a.g.SourceCodewriter:55 - Generating class: pl.edu.ug.aib.firstApp.itemView.PersonItemView_
12:15:14.277 [Daemon worker Thread 2] DEBUG o.a.g.SourceCodewriter:55 - Generating class: pl.edu.ug.aib.firstApp.adapter.PersonListAdapter_
12:15:19.38 [Daemon worker Thread 2] DEBUG o.a.g.SourceCodewriter:55 - Generating class: pl.edu.ug.aib.firstApp.FirstActivity_
12:15:39.909 [Daemon worker Thread 2] DEBUG o.a.g.SourceCodewriter:55 - Generating class: pl.edu.ug.aib.firstApp.SecondActivity_
12:16:03.864 [Daemon worker Thread 2] INFO  o.a.p.TimeStats:81 - Time measurements: [Whole Processing = 62047 ms], [Generate Sources = 61299 ms], [Process Annotations = 513 ms], [Validate Annotations = 131 ms], [Extract Manifest = 27 ms], [Find R Classes = 20 ms], [Extract Annotations = 4 ms], 
12:16:03.867 [Daemon worker Thread 2] INFO  o.a.AndroidAnnotationProcessor:121 - Finish processing
12:22:28.956 [Daemon worker Thread 3] INFO  o.a.AndroidAnnotationProcessor:83 - Initialize AndroidAnnotations 3.3.2 with options {androidManifestFile=W:\zajaczkowska\new\AndroidApp400-11174f63b52423a970c8eb3f95e0066b4b2c4393\app\build\intermediates\manifests\full\debug\AndroidManifest.xml}
12:22:29.9 [Daemon worker Thread 3] INFO  o.a.AndroidAnnotationProcessor:107 - Start processing for 12 annotations on 8 elements
12:22:29.68 [Daemon worker Thread 3] DEBUG o.a.h.AndroidManifestFinder:98 - AndroidManifest.xml file found with specified path: W:\zajaczkowska\new\AndroidApp400-11174f63b52423a970c8eb3f95e0066b4b2c4393\app\build\intermediates\manifests\full\debug\AndroidManifest.xml
12:22:29.99 [Daemon worker Thread 3] INFO  o.a.AndroidAnnotationProcessor:170 - AndroidManifest.xml found: AndroidManifest [applicationPackage=pl.edu.ug.aib.firstApp, componentQualifiedNames=[pl.edu.ug.aib.firstApp.FirstActivity_, pl.edu.ug.aib.firstApp.SecondActivity_], permissionQualifiedNames=[], applicationClassName=null, libraryProject=false, debugabble=false, minSdkVersion=10, maxSdkVersion=-1, targetSdkVersion=23]
12:22:29.103 [Daemon worker Thread 3] INFO  o.a.r.ProjectRClassFinder:50 - Found project R class: pl.edu.ug.aib.firstApp.R
12:22:29.120 [Daemon worker Thread 3] INFO  o.a.r.AndroidRClassFinder:44 - Found Android class: android.R
12:22:29.149 [Daemon worker Thread 3] INFO  o.a.p.ModelValidator:42 - Validating elements
12:22:29.151 [Daemon worker Thread 3] DEBUG o.a.p.ModelValidator:62 - Validating with EActivityHandler: [pl.edu.ug.aib.firstApp.FirstActivity, pl.edu.ug.aib.firstApp.SecondActivity]
12:22:29.156 [Daemon worker Thread 3] DEBUG o.a.p.ModelValidator:62 - Validating with EBeanHandler: [pl.edu.ug.aib.firstApp.adapter.PersonListAdapter]
12:22:29.158 [Daemon worker Thread 3] DEBUG o.a.p.ModelValidator:62 - Validating with EViewGroupHandler: [pl.edu.ug.aib.firstApp.itemView.PersonItemView]
12:22:29.160 [Daemon worker Thread 3] DEBUG o.a.p.ModelValidator:62 - Validating with ViewByIdHandler: [username, password, list, welcomeText, phoneNumber, acronym, name, company]
12:22:29.165 [Daemon worker Thread 3] DEBUG o.a.p.ModelValidator:62 - Validating with ClickHandler: [loginClicked(), dialClicked()]
12:22:29.168 [Daemon worker Thread 3] DEBUG o.a.p.ModelValidator:62 - Validating with ItemClickHandler: [listItemClicked(java.lang.String)]
12:22:29.170 [Daemon worker Thread 3] DEBUG o.a.p.ModelValidator:62 - Validating with BeanHandler: [adapter]
12:22:29.172 [Daemon worker Thread 3] DEBUG o.a.p.ModelValidator:62 - Validating with OptionsMenuHandler: [pl.edu.ug.aib.firstApp.FirstActivity]
12:22:29.175 [Daemon worker Thread 3] DEBUG o.a.p.ModelValidator:62 - Validating with OptionsItemHandler: [settingsSelected()]
12:22:29.176 [Daemon worker Thread 3] DEBUG o.a.p.ModelValidator:62 - Validating with RootContextHandler: [context]
12:22:29.179 [Daemon worker Thread 3] DEBUG o.a.p.ModelValidator:62 - Validating with ExtraHandler: [username]
12:22:29.182 [Daemon worker Thread 3] DEBUG o.a.p.ModelValidator:62 - Validating with AfterViewsHandler: [init(), init()]
12:22:29.190 [Daemon worker Thread 3] INFO  o.a.p.ModelProcessor:74 - Processing root elements
12:22:29.251 [Daemon worker Thread 3] DEBUG o.a.p.ModelProcessor:176 - Processing root elements EActivityHandler: [pl.edu.ug.aib.firstApp.SecondActivity, pl.edu.ug.aib.firstApp.FirstActivity]
12:22:29.359 [Daemon worker Thread 3] DEBUG o.a.p.ModelProcessor:176 - Processing root elements EBeanHandler: [pl.edu.ug.aib.firstApp.adapter.PersonListAdapter]
12:22:29.361 [Daemon worker Thread 3] DEBUG o.a.p.ModelProcessor:176 - Processing root elements EViewGroupHandler: [pl.edu.ug.aib.firstApp.itemView.PersonItemView]
12:22:29.367 [Daemon worker Thread 3] INFO  o.a.p.ModelProcessor:86 - Processing enclosed elements
12:22:29.382 [Daemon worker Thread 3] INFO  o.a.AndroidAnnotationProcessor:249 - Number of files generated by AndroidAnnotations: 4
12:22:29.386 [Daemon worker Thread 3] INFO  o.a.g.ApiCodeGenerator:52 - Writting following API classes in project: []
12:22:29.388 [Daemon worker Thread 3] DEBUG o.a.g.SourceCodewriter:55 - Generating class: pl.edu.ug.aib.firstApp.itemView.PersonItemView_
12:22:31.721 [Daemon worker Thread 3] DEBUG o.a.g.SourceCodewriter:55 - Generating class: pl.edu.ug.aib.firstApp.adapter.PersonListAdapter_
12:22:32.471 [Daemon worker Thread 3] DEBUG o.a.g.SourceCodewriter:55 - Generating class: pl.edu.ug.aib.firstApp.FirstActivity_
12:22:37.342 [Daemon worker Thread 3] DEBUG o.a.g.SourceCodewriter:55 - Generating class: pl.edu.ug.aib.firstApp.SecondActivity_
12:22:41.624 [Daemon worker Thread 3] INFO  o.a.p.TimeStats:81 - Time measurements: [Whole Processing = 12614 ms], [Generate Sources = 12241 ms], [Process Annotations = 199 ms], [Find R Classes = 37 ms], [Validate Annotations = 34 ms], [Extract Manifest = 32 ms], [Extract Annotations = 2 ms], 
12:22:41.626 [Daemon worker Thread 3] INFO  o.a.AndroidAnnotationProcessor:121 - Finish processing
